-------------------------------------------------------------------------------
>Log Session: Wednesday, March 4, 2020 at 12:58:28 PM Central European Standard Time
>System Info: 
  Product Version         = Apache NetBeans Platform 9.0 (Build incubator-netbeans-release-334-on-20180708)
  Operating System        = Windows 10 version 10.0 running on amd64
  Java; VM; Vendor        = 11.0.4; Java HotSpot(TM) 64-Bit Server VM 11.0.4+10-LTS; Oracle Corporation
  Runtime                 = Java(TM) SE Runtime Environment 11.0.4+10-LTS
  Java Home               = C:\Program Files\Java\jdk-11.0.4
  System Locale; Encoding = en_US (demo); Cp1252
  Home Directory          = C:\Users\sbang
  Current Directory       = C:\Users\sbang\OneDrive\SDU\Software Engineering\03 Courses\4. KOM (Komponent baseret)\SE04_KOM_Asteroids\application\target\demo
  User Directory          = C:\Users\sbang\OneDrive\SDU\Software Engineering\03 Courses\4. KOM (Komponent baseret)\SE04_KOM_Asteroids\application\target\userdir
  Cache Directory         = C:\Users\sbang\OneDrive\SDU\Software Engineering\03 Courses\4. KOM (Komponent baseret)\SE04_KOM_Asteroids\application\target\userdir\var\cache
  Installation            = C:\Users\sbang\OneDrive\SDU\Software Engineering\03 Courses\4. KOM (Komponent baseret)\SE04_KOM_Asteroids\application\target\demo\bin
                            C:\Users\sbang\OneDrive\SDU\Software Engineering\03 Courses\4. KOM (Komponent baseret)\SE04_KOM_Asteroids\application\target\demo\demo
                            C:\Users\sbang\OneDrive\SDU\Software Engineering\03 Courses\4. KOM (Komponent baseret)\SE04_KOM_Asteroids\application\target\demo\etc
                            C:\Users\sbang\OneDrive\SDU\Software Engineering\03 Courses\4. KOM (Komponent baseret)\SE04_KOM_Asteroids\application\target\demo\extra
                            C:\Users\sbang\OneDrive\SDU\Software Engineering\03 Courses\4. KOM (Komponent baseret)\SE04_KOM_Asteroids\application\target\demo\platform
                            C:\Users\sbang\OneDrive\SDU\Software Engineering\03 Courses\4. KOM (Komponent baseret)\SE04_KOM_Asteroids\application\target\demo\platform
  Boot & Ext. Classpath   = 
  Application Classpath   = C:\Users\sbang\OneDrive\SDU\Software Engineering\03 Courses\4. KOM (Komponent baseret)\SE04_KOM_Asteroids\application\target\demo\platform\lib\boot.jar;C:\Users\sbang\OneDrive\SDU\Software Engineering\03 Courses\4. KOM (Komponent baseret)\SE04_KOM_Asteroids\application\target\demo\platform\lib\org-openide-modules.jar;C:\Users\sbang\OneDrive\SDU\Software Engineering\03 Courses\4. KOM (Komponent baseret)\SE04_KOM_Asteroids\application\target\demo\platform\lib\org-openide-util-lookup.jar;C:\Users\sbang\OneDrive\SDU\Software Engineering\03 Courses\4. KOM (Komponent baseret)\SE04_KOM_Asteroids\application\target\demo\platform\lib\org-openide-util-ui.jar;C:\Users\sbang\OneDrive\SDU\Software Engineering\03 Courses\4. KOM (Komponent baseret)\SE04_KOM_Asteroids\application\target\demo\platform\lib\org-openide-util.jar
  Startup Classpath       = C:\Users\sbang\OneDrive\SDU\Software Engineering\03 Courses\4. KOM (Komponent baseret)\SE04_KOM_Asteroids\application\target\demo\platform\core\asm-all-5.0.1.jar;C:\Users\sbang\OneDrive\SDU\Software Engineering\03 Courses\4. KOM (Komponent baseret)\SE04_KOM_Asteroids\application\target\demo\platform\core\core-base.jar;C:\Users\sbang\OneDrive\SDU\Software Engineering\03 Courses\4. KOM (Komponent baseret)\SE04_KOM_Asteroids\application\target\demo\platform\core\core.jar;C:\Users\sbang\OneDrive\SDU\Software Engineering\03 Courses\4. KOM (Komponent baseret)\SE04_KOM_Asteroids\application\target\demo\platform\core\org-netbeans-libs-asm.jar;C:\Users\sbang\OneDrive\SDU\Software Engineering\03 Courses\4. KOM (Komponent baseret)\SE04_KOM_Asteroids\application\target\demo\platform\core\org-openide-filesystems.jar
-------------------------------------------------------------------------------
INFO [org.netbeans.core.startup.NbEvents]: Turning on modules:
	org.openide.util.lookup [8.35.1 incubator-netbeans-release-334-on-20180708]
	org.openide.util [9.9.1 incubator-netbeans-release-334-on-20180708]
	org.openide.util.ui [9.9.1 incubator-netbeans-release-334-on-20180708]
	org.openide.modules [7.50.1 incubator-netbeans-release-334-on-20180708]
	org.netbeans.api.annotations.common/1 [1.29.1 incubator-netbeans-release-334-on-20180708]
	surgo.celldefender.common [1.0 1.0 202003041157]
	surgo.celldefender.player [1.0 1.0 202003041157]
	surgo.celldefender.core [1.0 1.0 202003041157]
	surgo.celldefender.asteroid [1.0 1.0 202003041157]
	org.openide.filesystems [9.12.1 incubator-netbeans-release-334-on-20180708]
	org.netbeans.libs.asm [5.5.1 incubator-netbeans-release-334-on-20180708]
	org.netbeans.core.startup.base [1.64.1.1 1 incubator-netbeans-release-334-on-20180708]
	org.netbeans.bootstrap/1 [2.78.1 incubator-netbeans-release-334-on-20180708]
	org.netbeans.core.startup/1 [1.64.1.1 incubator-netbeans-release-334-on-20180708]
